[debug] [2023-09-01T12:06:34.122Z] ----------------------------------------------------------------------
[debug] [2023-09-01T12:06:34.127Z] Command:       C:\Program Files\nodejs\node.exe C:\Users\Admin\AppData\Roaming\npm\node_modules\firebase-tools\lib\bin\firebase.js init
[debug] [2023-09-01T12:06:34.129Z] CLI Version:   12.5.2
[debug] [2023-09-01T12:06:34.130Z] Platform:      win32
[debug] [2023-09-01T12:06:34.131Z] Node Version:  v18.16.1
[debug] [2023-09-01T12:06:34.132Z] Time:          Fri Sep 01 2023 12:06:34 GMT+0000 (temps universel coordonné)
[debug] [2023-09-01T12:06:34.132Z] ----------------------------------------------------------------------
[debug] 
[debug] [2023-09-01T12:06:34.395Z] > command requires scopes: ["email","openid","https://www.googleapis.com/auth/cloudplatformprojects.readonly","https://www.googleapis.com/auth/firebase","https://www.googleapis.com/auth/cloud-platform"]
[debug] [2023-09-01T12:06:34.397Z] > authorizing via signed-in user (ramafall49@gmail.com)
[info] 
     ######## #### ########  ######## ########     ###     ######  ########
     ##        ##  ##     ## ##       ##     ##  ##   ##  ##       ##
     ######    ##  ########  ######   ########  #########  ######  ######
     ##        ##  ##    ##  ##       ##     ## ##     ##       ## ##
     ##       #### ##     ## ######## ########  ##     ##  ######  ########

You're about to initialize a Firebase project in this directory:

  C:\Users\Admin\Desktop\react-firebase-chat

Before we get started, keep in mind:

  * You are initializing within an existing Firebase project directory

[info] 
=== Project Setup
[info] 
[info] First, let's associate this project directory with a Firebase project.
[info] You can create multiple project aliases by running firebase use --add, 
[info] but for now we'll just set up a default project.
[info] 
[debug] [2023-09-01T12:07:06.966Z] Using project from CLI flag: fireship-demos
[debug] [2023-09-01T12:07:06.975Z] >>> [apiv2][query] GET https://firebase.googleapis.com/v1beta1/projects/fireship-demos [none]
[debug] [2023-09-01T12:07:07.624Z] <<< [apiv2][status] GET https://firebase.googleapis.com/v1beta1/projects/fireship-demos 403
[debug] [2023-09-01T12:07:07.624Z] <<< [apiv2][body] GET https://firebase.googleapis.com/v1beta1/projects/fireship-demos {"error":{"code":403,"message":"The caller does not have permission","status":"PERMISSION_DENIED"}}
[debug] [2023-09-01T12:07:07.625Z] HTTP Error: 403, The caller does not have permission
[debug] [2023-09-01T12:07:07.886Z] FirebaseError: HTTP Error: 403, The caller does not have permission
    at responseToError (C:\Users\Admin\AppData\Roaming\npm\node_modules\firebase-tools\lib\responseToError.js:49:12)
    at RetryOperation._fn (C:\Users\Admin\AppData\Roaming\npm\node_modules\firebase-tools\lib\apiv2.js:285:77)
    at process.processTicksAndRejections (node:internal/process/task_queues:95:5)
[error] 
[error] Error: Failed to get Firebase project fireship-demos. Please make sure the project exists and your account has permission to access it.
